23/03/2018 6:26 [localhost-startStop-1] INFO - <Database successfully initialized>
23/03/2018 6:27 [localhost-startStop-1] INFO - <Database successfully initialized>
23/03/2018 6:28 [http-bio-8888-exec-1] INFO - <Test Test{name='NewTest', quest=[Question{text='Q1'}], type=MATH} was added>
23/03/2018 6:28 [http-bio-8888-exec-1] INFO - <Question Question{text='Q1'} was added>
23/03/2018 6:28 [http-bio-8888-exec-1] INFO - <Answer Answer{text='a1'} was added>
23/03/2018 6:28 [http-bio-8888-exec-1] INFO - <Test(id:1) was removed>
23/03/2018 6:29 [http-bio-8888-exec-5] INFO - <Test Test{name='T1', quest=[Question{text='Q1'}, Question{text='Q2'}], type=MATH} was added>
23/03/2018 6:29 [http-bio-8888-exec-5] INFO - <Question Question{text='Q1'} was added>
23/03/2018 6:29 [http-bio-8888-exec-5] INFO - <Answer Answer{text='A1'} was added>
23/03/2018 6:29 [http-bio-8888-exec-5] INFO - <Answer Answer{text='A2'} was added>
23/03/2018 6:29 [http-bio-8888-exec-5] INFO - <Question Question{text='Q2'} was added>
23/03/2018 6:29 [http-bio-8888-exec-5] INFO - <Answer Answer{text='A1'} was added>
23/03/2018 6:29 [http-bio-8888-exec-5] INFO - <Answer Answer{text='A2'} was added>
23/03/2018 6:34 [localhost-startStop-1] INFO - <Database successfully initialized>
23/03/2018 6:34 [localhost-startStop-1] INFO - <Database successfully initialized>
23/03/2018 6:34 [http-bio-8888-exec-6] ERROR - <All tests cannot be gotten>
org.h2.jdbc.JdbcSQLException: Столбец "creationDate" не найден
Column "creationDate" not found [42122-196]
	at org.h2.message.DbException.getJdbcSQLException(DbException.java:345)
	at org.h2.message.DbException.get(DbException.java:179)
	at org.h2.message.DbException.get(DbException.java:155)
	at org.h2.jdbc.JdbcResultSet.getColumnIndex(JdbcResultSet.java:3154)
	at org.h2.jdbc.JdbcResultSet.get(JdbcResultSet.java:3246)
	at org.h2.jdbc.JdbcResultSet.getDate(JdbcResultSet.java:458)
	at dao.TestDAO.getTestById(TestDAO.java:212)
	at dao.TestDAO.getAll(TestDAO.java:145)
	at services.impl.TestServiceImpl.getAllTests(TestServiceImpl.java:30)
	at config.Utils.getAllTestsByTheme(Utils.java:12)
	at sun.reflect.NativeMethodAccessorImpl.invoke0(Native Method)
	at sun.reflect.NativeMethodAccessorImpl.invoke(NativeMethodAccessorImpl.java:62)
	at sun.reflect.DelegatingMethodAccessorImpl.invoke(DelegatingMethodAccessorImpl.java:43)
	at java.lang.reflect.Method.invoke(Method.java:498)
	at org.apache.el.parser.AstFunction.getValue(AstFunction.java:112)
	at org.apache.el.ValueExpressionImpl.getValue(ValueExpressionImpl.java:185)
	at org.apache.jasper.el.JspValueExpression.getValue(JspValueExpression.java:106)
	at org.apache.jsp.catalog_jsp._jspx_meth_c_005fset_005f4(catalog_jsp.java:646)
	at org.apache.jsp.catalog_jsp._jspService(catalog_jsp.java:146)
	at org.apache.jasper.runtime.HttpJspBase.service(HttpJspBase.java:70)
	at javax.servlet.http.HttpServlet.service(HttpServlet.java:728)
	at org.apache.jasper.servlet.JspServletWrapper.service(JspServletWrapper.java:432)
	at org.apache.jasper.servlet.JspServlet.serviceJspFile(JspServlet.java:390)
	at org.apache.jasper.servlet.JspServlet.service(JspServlet.java:334)
	at javax.servlet.http.HttpServlet.service(HttpServlet.java:728)
	at org.apache.catalina.core.ApplicationFilterChain.internalDoFilter(ApplicationFilterChain.java:305)
	at org.apache.catalina.core.ApplicationFilterChain.doFilter(ApplicationFilterChain.java:210)
	at org.apache.tomcat.websocket.server.WsFilter.doFilter(WsFilter.java:51)
	at org.apache.catalina.core.ApplicationFilterChain.internalDoFilter(ApplicationFilterChain.java:243)
	at org.apache.catalina.core.ApplicationFilterChain.doFilter(ApplicationFilterChain.java:210)
	at org.apache.catalina.core.ApplicationDispatcher.invoke(ApplicationDispatcher.java:749)
	at org.apache.catalina.core.ApplicationDispatcher.processRequest(ApplicationDispatcher.java:487)
	at org.apache.catalina.core.ApplicationDispatcher.doForward(ApplicationDispatcher.java:412)
	at org.apache.catalina.core.ApplicationDispatcher.forward(ApplicationDispatcher.java:339)
	at controllers.CatalogServlet.doGet(CatalogServlet.java:23)
	at javax.servlet.http.HttpServlet.service(HttpServlet.java:621)
	at javax.servlet.http.HttpServlet.service(HttpServlet.java:728)
	at org.apache.catalina.core.ApplicationFilterChain.internalDoFilter(ApplicationFilterChain.java:305)
	at org.apache.catalina.core.ApplicationFilterChain.doFilter(ApplicationFilterChain.java:210)
	at org.apache.tomcat.websocket.server.WsFilter.doFilter(WsFilter.java:51)
	at org.apache.catalina.core.ApplicationFilterChain.internalDoFilter(ApplicationFilterChain.java:243)
	at org.apache.catalina.core.ApplicationFilterChain.doFilter(ApplicationFilterChain.java:210)
	at filters.AuthFilter.redirect(AuthFilter.java:53)
	at filters.AuthFilter.doFilter(AuthFilter.java:34)
	at org.apache.catalina.core.ApplicationFilterChain.internalDoFilter(ApplicationFilterChain.java:243)
	at org.apache.catalina.core.ApplicationFilterChain.doFilter(ApplicationFilterChain.java:210)
	at org.apache.catalina.core.StandardWrapperValve.invoke(StandardWrapperValve.java:222)
	at org.apache.catalina.core.StandardContextValve.invoke(StandardContextValve.java:123)
	at org.apache.catalina.authenticator.AuthenticatorBase.invoke(AuthenticatorBase.java:502)
	at org.apache.catalina.core.StandardHostValve.invoke(StandardHostValve.java:171)
	at org.apache.catalina.valves.ErrorReportValve.invoke(ErrorReportValve.java:100)
	at org.apache.catalina.valves.AccessLogValve.invoke(AccessLogValve.java:953)
	at org.apache.catalina.core.StandardEngineValve.invoke(StandardEngineValve.java:118)
	at org.apache.catalina.connector.CoyoteAdapter.service(CoyoteAdapter.java:408)
	at org.apache.coyote.http11.AbstractHttp11Processor.process(AbstractHttp11Processor.java:1041)
	at org.apache.coyote.AbstractProtocol$AbstractConnectionHandler.process(AbstractProtocol.java:603)
	at org.apache.tomcat.util.net.JIoEndpoint$SocketProcessor.run(JIoEndpoint.java:312)
	at java.util.concurrent.ThreadPoolExecutor.runWorker(ThreadPoolExecutor.java:1149)
	at java.util.concurrent.ThreadPoolExecutor$Worker.run(ThreadPoolExecutor.java:624)
	at java.lang.Thread.run(Thread.java:748)
23/03/2018 6:38 [localhost-startStop-1] INFO - <Database successfully initialized>
23/03/2018 6:38 [http-bio-8888-exec-10] INFO - <Test Test{name='T1', quest=[Question{text='Q1'}, Question{text='Q2'}], type=MATH} was added>
23/03/2018 6:38 [http-bio-8888-exec-10] INFO - <Question Question{text='Q1'} was added>
23/03/2018 6:38 [http-bio-8888-exec-10] INFO - <Answer Answer{text='A1'} was added>
23/03/2018 6:38 [http-bio-8888-exec-10] INFO - <Answer Answer{text='A2'} was added>
23/03/2018 6:38 [http-bio-8888-exec-10] INFO - <Question Question{text='Q2'} was added>
23/03/2018 6:38 [http-bio-8888-exec-10] INFO - <Answer Answer{text='A1'} was added>
23/03/2018 6:38 [http-bio-8888-exec-10] INFO - <Answer Answer{text='A2'} was added>
23/03/2018 6:39 [localhost-startStop-1] INFO - <Database successfully initialized>
23/03/2018 7:01 [localhost-startStop-1] INFO - <Database successfully initialized>
24/03/2018 12:17 [localhost-startStop-1] INFO - <Database successfully initialized>
24/03/2018 4:59 [localhost-startStop-1] INFO - <Database successfully initialized>
24/03/2018 5:00 [http-bio-8888-exec-10] INFO - <User User{name='as@as'} was added>
